<?xml version="1.0" encoding="UTF-8"?>
<!-- Generated by org.testng.reporters.JUnitReportReporter -->
<testsuite hostname="DESKTOP-3NA66NR" failures="0" tests="5" name="TestScripts.ElectronicsTest" time="32.094" errors="0" timestamp="2024-04-30T15:52:55 IST" skipped="0">
  <testcase classname="TestScripts.ElectronicsTest" name="Login" time="5.345"/>
  <testcase classname="TestScripts.ElectronicsTest" name="Register" time="5.346"/>
  <testcase classname="TestScripts.ElectronicsTest" name="Payment" time="5.792"/>
  <testcase classname="TestScripts.ElectronicsTest" name="AddToCart" time="9.175"/>
  <testcase classname="TestScripts.ElectronicsTest" name="ConfirmOrder" time="6.436"/>
</testsuite> <!-- TestScripts.ElectronicsTest -->
