<?xml version="1.0" encoding="UTF-8"?>
<!-- Generated by org.testng.reporters.JUnitReportReporter -->
<testsuite hostname="DESKTOP-3NA66NR" failures="0" tests="1" name="TestScripts.BooksTest" time="14.622" errors="0" timestamp="2024-04-30T15:52:55 IST" skipped="0">
  <testcase classname="TestScripts.BooksTest" name="Bookspage_001" time="14.622"/>
</testsuite> <!-- TestScripts.BooksTest -->
