<?xml version="1.0" encoding="UTF-8"?>
<!-- Generated by org.testng.reporters.JUnitReportReporter -->
<testsuite hostname="DESKTOP-3NA66NR" failures="0" tests="2" name="TestScripts.RegisterTest" time="20.644" errors="0" timestamp="2024-04-30T15:52:55 IST" skipped="0">
  <testcase classname="TestScripts.RegisterTest" name="Registertest_002" time="9.388"/>
  <testcase classname="TestScripts.RegisterTest" name="Registertest_001" time="11.256"/>
</testsuite> <!-- TestScripts.RegisterTest -->
