<?xml version="1.0" encoding="UTF-8"?>
<!-- Generated by org.testng.reporters.JUnitReportReporter -->
<testsuite hostname="DESKTOP-3NA66NR" failures="0" tests="1" name="TestScripts.BT" time="10.256" errors="0" timestamp="2024-05-04T16:09:45 IST" skipped="0">
  <testcase classname="TestScripts.BT" name="Bttest" time="10.256"/>
</testsuite> <!-- TestScripts.BT -->
